This is pdfTeX, Version 3.1415926-2.5-1.40.14 (TeX Live 2013/Debian) (format=latex 2018.4.19)  17 JAN 2019 17:46
entering extended mode
 restricted \write18 enabled.
 %&-line parsing enabled.
**MultimodeFloquet.tex
(./MultimodeFloquet.tex
LaTeX2e <2011/06/27>
Babel <3.9h> and hyphenation patterns for 2 languages loaded.
(/usr/share/texlive/texmf-dist/tex/latex/base/article.cls
Document Class: article 2007/10/19 v1.4h Standard LaTeX document class
(/usr/share/texlive/texmf-dist/tex/latex/base/size12.clo
File: size12.clo 2007/10/19 v1.4h Standard LaTeX file (size option)
)
\c@part=\count79
\c@section=\count80
\c@subsection=\count81
\c@subsubsection=\count82
\c@paragraph=\count83
\c@subparagraph=\count84
\c@figure=\count85
\c@table=\count86
\abovecaptionskip=\skip41
\belowcaptionskip=\skip42
\bibindent=\dimen102
)
(/usr/share/texlive/texmf-dist/tex/latex/geometry/geometry.sty
Package: geometry 2010/09/12 v5.6 Page Geometry

(/usr/share/texlive/texmf-dist/tex/latex/graphics/keyval.sty
Package: keyval 1999/03/16 v1.13 key=value parser (DPC)
\KV@toks@=\toks14
)
(/usr/share/texlive/texmf-dist/tex/generic/oberdiek/ifpdf.sty
Package: ifpdf 2011/01/30 v2.3 Provides the ifpdf switch (HO)
Package ifpdf Info: pdfTeX in PDF mode is not detected.
)
(/usr/share/texlive/texmf-dist/tex/generic/oberdiek/ifvtex.sty
Package: ifvtex 2010/03/01 v1.5 Detect VTeX and its facilities (HO)
Package ifvtex Info: VTeX not detected.
)
(/usr/share/texlive/texmf-dist/tex/generic/ifxetex/ifxetex.sty
Package: ifxetex 2010/09/12 v0.6 Provides ifxetex conditional
)
\Gm@cnth=\count87
\Gm@cntv=\count88
\c@Gm@tempcnt=\count89
\Gm@bindingoffset=\dimen103
\Gm@wd@mp=\dimen104
\Gm@odd@mp=\dimen105
\Gm@even@mp=\dimen106
\Gm@layoutwidth=\dimen107
\Gm@layoutheight=\dimen108
\Gm@layouthoffset=\dimen109
\Gm@layoutvoffset=\dimen110
\Gm@dimlist=\toks15
)
(/usr/share/texlive/texmf-dist/tex/latex/multirow/multirow.sty
\bigstrutjot=\dimen111
)
(/usr/share/texlive/texmf-dist/tex/latex/blindtext/blindtext.sty
Package: blindtext 2012/01/06 V2.0 blindtext-Package

(/usr/share/texlive/texmf-dist/tex/latex/tools/xspace.sty
Package: xspace 2009/10/20 v1.13 Space after command names (DPC,MH)
)
\c@blindtext=\count90
\c@Blindtext=\count91
\c@blind@countparstart=\count92
\blind@countxx=\count93
\blindtext@numBlindtext=\count94
\blind@countyy=\count95
\c@blindlist=\count96
\c@blindlistlevel=\count97
\c@blindlist@level=\count98
\blind@listitem=\count99
\c@blind@listcount=\count100
\c@blind@levelcount=\count101
\blind@mathformula=\count102
\blind@Mathformula=\count103
\c@blind@randomcount=\count104
\c@blind@randommax=\count105
\c@blind@pangramcount=\count106
\c@blind@pangrammax=\count107
)
(/usr/share/texlive/texmf-dist/tex/latex/graphics/graphics.sty
Package: graphics 2009/02/05 v1.0o Standard LaTeX Graphics (DPC,SPQR)

(/usr/share/texlive/texmf-dist/tex/latex/graphics/trig.sty
Package: trig 1999/03/16 v1.09 sin cos tan (DPC)
)
(/usr/share/texlive/texmf-dist/tex/latex/latexconfig/graphics.cfg
File: graphics.cfg 2010/04/23 v1.9 graphics configuration of TeX Live
)
Package graphics Info: Driver file: dvips.def on input line 91.

(/usr/share/texlive/texmf-dist/tex/latex/graphics/dvips.def
File: dvips.def 1999/02/16 v3.0i Driver-dependant file (DPC,SPQR)
))
(/usr/share/texlive/texmf-dist/tex/latex/graphics/graphicx.sty
Package: graphicx 1999/02/16 v1.0f Enhanced LaTeX Graphics (DPC,SPQR)
\Gin@req@height=\dimen112
\Gin@req@width=\dimen113
)
(/usr/share/texlive/texmf-dist/tex/latex/graphics/color.sty
Package: color 2005/11/14 v1.0j Standard LaTeX Color (DPC)

(/usr/share/texlive/texmf-dist/tex/latex/latexconfig/color.cfg
File: color.cfg 2007/01/18 v1.5 color configuration of teTeX/TeXLive
)
Package color Info: Driver file: dvips.def on input line 130.

(/usr/share/texlive/texmf-dist/tex/latex/graphics/dvipsnam.def
File: dvipsnam.def 1999/02/16 v3.0i Driver-dependant file (DPC,SPQR)
))
(/usr/share/texlive/texmf-dist/tex/latex/amsfonts/amssymb.sty
Package: amssymb 2013/01/14 v3.01 AMS font symbols

(/usr/share/texlive/texmf-dist/tex/latex/amsfonts/amsfonts.sty
Package: amsfonts 2013/01/14 v3.01 Basic AMSFonts support
\@emptytoks=\toks16
\symAMSa=\mathgroup4
\symAMSb=\mathgroup5
LaTeX Font Info:    Overwriting math alphabet `\mathfrak' in version `bold'
(Font)                  U/euf/m/n --> U/euf/b/n on input line 106.
))
(/usr/share/texlive/texmf-dist/tex/latex/base/latexsym.sty
Package: latexsym 1998/08/17 v2.2e Standard LaTeX package (lasy symbols)
\symlasy=\mathgroup6
LaTeX Font Info:    Overwriting symbol font `lasy' in version `bold'
(Font)                  U/lasy/m/n --> U/lasy/b/n on input line 47.
)
(/usr/share/texlive/texmf-dist/tex/latex/rotating/rotating.sty
Package: rotating 2009/03/28 v2.16a rotated objects in LaTeX

(/usr/share/texlive/texmf-dist/tex/latex/base/ifthen.sty
Package: ifthen 2001/05/26 v1.1c Standard LaTeX ifthen package (DPC)
)
\c@r@tfl@t=\count108
\rotFPtop=\skip43
\rotFPbot=\skip44
\rot@float@box=\box26
\rot@mess@toks=\toks17
)
(/usr/share/texlive/texmf-dist/tex/latex/graphics/lscape.sty
Package: lscape 2000/10/22 v3.01 Landscape Pages (DPC)
)
(/usr/share/texlive/texmf-dist/tex/latex/tools/enumerate.sty
Package: enumerate 1999/03/05 v3.00 enumerate extensions (DPC)
\@enLab=\toks18
)
(/usr/share/texlive/texmf-dist/tex/latex/tools/array.sty
Package: array 2008/09/09 v2.4c Tabular extension package (FMi)
\col@sep=\dimen114
\extrarowheight=\dimen115
\NC@list=\toks19
\extratabsurround=\skip45
\backup@length=\skip46
)
(./MultimodeFloquet.aux)
\openout1 = `MultimodeFloquet.aux'.

LaTeX Font Info:    Checking defaults for OML/cmm/m/it on input line 28.
LaTeX Font Info:    ... okay on input line 28.
LaTeX Font Info:    Checking defaults for T1/cmr/m/n on input line 28.
LaTeX Font Info:    ... okay on input line 28.
LaTeX Font Info:    Checking defaults for OT1/cmr/m/n on input line 28.
LaTeX Font Info:    ... okay on input line 28.
LaTeX Font Info:    Checking defaults for OMS/cmsy/m/n on input line 28.
LaTeX Font Info:    ... okay on input line 28.
LaTeX Font Info:    Checking defaults for OMX/cmex/m/n on input line 28.
LaTeX Font Info:    ... okay on input line 28.
LaTeX Font Info:    Checking defaults for U/cmr/m/n on input line 28.
LaTeX Font Info:    ... okay on input line 28.

*geometry* driver: auto-detecting
*geometry* detected driver: dvips
*geometry* verbose mode - [ preamble ] result:
* driver: dvips
* paper: a4paper
* layout: <same size as paper>
* layoutoffset:(h,v)=(0.0pt,0.0pt)
* bindingoffset: 14.45377pt
* modes: 
* h-part:(L,W,R)=(72.26999pt, 438.51413pt, 72.26999pt)
* v-part:(T,H,B)=(72.26999pt, 700.50687pt, 72.26999pt)
* \paperwidth=597.50787pt
* \paperheight=845.04684pt
* \textwidth=438.51413pt
* \textheight=689.12595pt
* \oddsidemargin=14.45377pt
* \evensidemargin=0.0pt
* \topmargin=-0.01134pt
* \headheight=12.0pt
* \headsep=25.0pt
* \topskip=12.0pt
* \footskip=18.06749pt
* \marginparwidth=35.0pt
* \marginparsep=10.0pt
* \columnsep=10.0pt
* \skip\footins=10.8pt plus 4.0pt minus 2.0pt
* \hoffset=14.22636pt
* \voffset=0.0pt
* \mag=1000
* \@twocolumnfalse
* \@twosidefalse
* \@mparswitchfalse
* \@reversemarginfalse
* (1in=72.27pt=25.4mm, 1cm=28.453pt)

LaTeX Font Info:    Try loading font information for U+msa on input line 29.
(/usr/share/texlive/texmf-dist/tex/latex/amsfonts/umsa.fd
File: umsa.fd 2013/01/14 v3.01 AMS symbols A
)
LaTeX Font Info:    Try loading font information for U+msb on input line 29.

(/usr/share/texlive/texmf-dist/tex/latex/amsfonts/umsb.fd
File: umsb.fd 2013/01/14 v3.01 AMS symbols B
)
LaTeX Font Info:    Try loading font information for U+lasy on input line 29.

(/usr/share/texlive/texmf-dist/tex/latex/base/ulasy.fd
File: ulasy.fd 1998/08/17 v2.2e LaTeX symbol font definitions
)
Overfull \hbox (66.74352pt too wide) in paragraph at lines 38--38
[]\OT1/cmr/bx/n/17.28 Multimode ex-pan-sion of the time-dependent Schrodinger
 []


LaTeX Warning: Citation `chu1985recent' on page 1 undefined on input line 46.


LaTeX Warning: Citation `PhysRevA.81.063626' on page 1 undefined on input line 
46.


LaTeX Warning: Citation `PhysRevA.81.063626' on page 1 undefined on input line 
57.

[1

]

LaTeX Warning: Citation `ho1983semiclassical' on page 2 undefined on input line
 63.


LaTeX Warning: Citation `ho1983semiclassical' on page 2 undefined on input line
 75.


LaTeX Warning: Citation `verdeny2016quasi' on page 2 undefined on input line 75
.

[2]
Overfull \hbox (134.86096pt too wide) in paragraph at lines 133--134
[][]\OT1/cmtt/m/n/12 CALL[]SETHAMILTONIANCOMPONENTS(ID,size(modes_num,1),total_
frequencies,MODES_NUM,FIELDS,INFO)
 []


Overfull \hbox (123.41115pt too wide) in paragraph at lines 147--147
[]  \OT1/cmtt/m/n/12 CALL MULTIMODEFLOQUETMATRIX(ID,size(modes_num,1),total_fre
quencies,MODES_NUM,FIELDS,INFO)[] 
 []

[3]
Overfull \hbox (141.93616pt too wide) in paragraph at lines 152--152
[]  \OT1/cmtt/m/n/12 CALL MULTIMODEFLOQUETMATRIX_SP(ID,size(modes_num,1),total_
frequencies,MODES_NUM,FIELDS,INFO)[] 
 []


Overfull \hbox (49.87439pt too wide) in paragraph at lines 157--159
[]\OT1/cmr/m/n/12 lapack []\OT1/cmtt/m/n/12 CALL[]LAPACK_FULLEIGENVALUES(H_FLOQ
UET,SIZE(H_FLOQUET,1),E_FLOQUET,INFO)\OT1/cmr/m/n/12 . 
 []


Overfull \hbox (314.83624pt too wide) in paragraph at lines 167--169
[]\OT1/cmtt/m/n/12 CALL[]MULTIMODETIMEEVOLUTINOPERATOR(SIZE(U_F,1),SIZE(MODES_N
UM,1),MODES_NUM,U_F,E_FLOQUET,ID%D_BARE,FIELDS,T1,T2,U_AUX,INFO)
 []


Overfull \hbox (208.961pt too wide) in paragraph at lines 174--175
[][]\OT1/cmtt/m/n/12 CALL[]MULTIMODEMICROMOTION(ID,SIZE(U_F,1),NM,MODES_NUM,U_F
,E_FLOQUET,ID%D_BARE,FIELDS_,T1,U_F1_red,INFO)
 []


Overfull \hbox (187.52484pt too wide) in paragraph at lines 183--184
[][]\OT1/cmtt/m/n/12 CALL[]MICROMOTIONFOURIERDRESSEDBASIS(ID,DRESSINGFIELDS_IND
ICES,MODES_NUM,FIELDS,U_FD,E_DRESSED,INFO)\OT1/cmr/m/n/12 . 
 []


Overfull \hbox (43.13611pt too wide) in paragraph at lines 188--188
[]\OT1/cmtt/m/n/12 CALL MICROMOTIONDRESSEDBASIS(ID,MODES_NUM,DRESSINGFIELDS_IND
ICES,FIELDS,U_FD,&[] 
 []

[4]
Overfull \hbox (191.33618pt too wide) in paragraph at lines 248--248
[]  \OT1/cmtt/m/n/12 DOUBLE PRECISION, DIMENSION(:,:), ALLOCATABLE :: Identity,
CLEBSH_GORDAN_JtoF,j_x,j_y,j_z,I_x,I_y,I_z[] 
 []


Overfull \hbox (327.18625pt too wide) in paragraph at lines 248--248
[]  \OT1/cmtt/m/n/12 COMPLEX*16,       DIMENSION(:,:), ALLOCATABLE :: H_hyperfi
ne,HAMILTONIAN,H_RF,H_FLOQUET,H_IJ,Z_M,H_OLD,U_ZEEMAN,Z_M_SUBSET[] 
 []


Overfull \hbox (209.86119pt too wide) in paragraph at lines 248--248
[]  \OT1/cmtt/m/n/12 COMPLEX*16,       DIMENSION(:,:), ALLOCATABLE :: H_RF_DAGG
ER,H_ALPHA_DAGGER,H_ALPHA,H_FLOQUET_COPY,H_MW[] 
 []


Overfull \hbox (228.3862pt too wide) in paragraph at lines 248--248
[]  \OT1/cmtt/m/n/12 COMPLEX*16,       DIMENSION(:,:), ALLOCATABLE :: observabl
e, observable_extended, MW_coupling_dressedbasis[] 
 []


Overfull \hbox (80.18613pt too wide) in paragraph at lines 248--248
[]  \OT1/cmtt/m/n/12 DOUBLE PRECISION, DIMENSION(:),   ALLOCATABLE :: W_SPACE,W
_SPACEF,W_SPACEF_0,E_OLD[] 
 []


Overfull \hbox (92.53613pt too wide) in paragraph at lines 248--248
[]  \OT1/cmtt/m/n/12 COMPLEX*16,       DIMENSION(:,:), ALLOCATABLE :: Hamiltoni
an_F,Identity_F,H_AUX,U_RF[] 
 []


Overfull \hbox (351.88626pt too wide) in paragraph at lines 248--248
[]  \OT1/cmtt/m/n/12 COMPLEX*16,       DIMENSION(:,:), ALLOCATABLE :: H_FLOQUET
_INTERACTION,H_FLOQUET_INTERACTION_DAGGER,H_FLOQUET_2D,H_FLOQUETBAND[] 
 []


Overfull \hbox (67.83612pt too wide) in paragraph at lines 248--248
[]  \OT1/cmtt/m/n/12 INTEGER,          DIMENSION(:,:), ALLOCATABLE :: F_t,H_w,H
_J,H_M,Jz_dash,Fz_dash[] 
 []


Overfull \hbox (18.4361pt too wide) in paragraph at lines 248--248
[]  \OT1/cmtt/m/n/12 DOUBLE PRECISION, DIMENSION(3)                :: POSITION,
DELTA_POSITION[] 
 []

[5] [6]
Overfull \hbox (24.6111pt too wide) in paragraph at lines 339--339
[]  \OT1/cmtt/m/n/12 real*8,     DIMENSION(:),   ALLOCATABLE :: E, RES ! vector
 of eigenvalues[] 
 []


Overfull \hbox (43.13611pt too wide) in paragraph at lines 339--339
[]  \OT1/cmtt/m/n/12 complex*16, DIMENSION(:,:), ALLOCATABLE :: X      ! matrix
 with eigenvectore[] 
 []

[7]
Overfull \hbox (74.01112pt too wide) in paragraph at lines 412--412
[]  \OT1/cmtt/m/n/12 ! MANIFOLD : "U" UPPER HYPERFINE MANIFOLD, "L" LOWER HYPER
FIND MANIFOLD, "B" BOTH[] 
 []


Overfull \hbox (148.11116pt too wide) in paragraph at lines 412--412
[]  \OT1/cmtt/m/n/12 ! JTOTAL   :  IF ATOMICSPECIE .EQ. SPIN THEN JTOTAL IS THE
 TOTAL ANGULAR MOMENTUM OF THE SPIN[] 
 []


Overfull \hbox (55.48611pt too wide) in paragraph at lines 412--412
[]  \OT1/cmtt/m/n/12 !             IF ATOMICSPECIE .EQ. LATTICE, THEN JTOTAL IS
 THE NUMBER OF SITES[] 
 []


Overfull \hbox (6.08609pt too wide) in paragraph at lines 412--412
[]  \OT1/cmtt/m/n/12 ! Calculate the nuclear, electron and total angular moment
um operators[] 
 []

[8]
Overfull \hbox (55.48611pt too wide) in paragraph at lines 412--412
[]  \OT1/cmtt/m/n/12 USE subinterface       ! To ubroutines for representation 
of I and J operators[] 
 []


Overfull \hbox (574.18637pt too wide) in paragraph at lines 435--435
[]  \OT1/cmtt/m/n/12 ! MODES_NUM, VECTOR. THE SIZE OF THE VECTOR TELL US THE NU
MBER OF FREQUENCIES, AND THE VALUE OF EACH COMPONENT INDICATES THE NUMBER OF HA
RMONICS OF EACH FREQUENCI[] 
 []

[9]
Overfull \hbox (24.6111pt too wide) in paragraph at lines 471--471
[]  \OT1/cmtt/m/n/12 DOUBLE PRECISION, DIMENSION(:,:),INTENT(INOUT) :: j_x,j_y,
j_z,I_x,I_y,I_z[] 
 []


Overfull \hbox (222.2112pt too wide) in paragraph at lines 508--508
[]\OT1/cmtt/m/n/12 SUBROUTINE MULTIMODETIMEEVOLUTINOPERATOR(D,NM,MODES_NUM,U_F_
MODES,E_MULTIFLOQUET,D_BARE,FIELD,T1,T2,U,INFO)[] 
 []


Overfull \hbox (327.18625pt too wide) in paragraph at lines 508--508
[]  \OT1/cmtt/m/n/12 ! TIME EVOLUTION OPERATOR OF A MULTIMODE DRESSED SYSTEM. T
HE EVOLUTION OPERATOR IS WRITEN IN THE BASIS USED TO EXPRESS THE[] 
 []


Overfull \hbox (36.9611pt too wide) in paragraph at lines 508--508
[]  \OT1/cmtt/m/n/12 ! U : MATRIX OF AMPLITUED OF PROBABILITIES FOR TRANSITIONS
 BETWEEN T1 TO T2[] 
 []


Overfull \hbox (222.2112pt too wide) in paragraph at lines 508--508
[]\OT1/cmtt/m/n/12 !!$  D              (IN)   : DIMENSION OF THE EXTENDED HILBE
RT SPACE (SIZE OF THE MULTIMODE FLOQUET MATRIX)[] 
 []


Overfull \hbox (104.88614pt too wide) in paragraph at lines 508--508
[]\OT1/cmtt/m/n/12 !!$  MODES_NUM      (IN)   : VECTOR (NM) INDICATING THE NUMB
ER OF HARMONICS OF EACH MODE[] 
 []


Overfull \hbox (296.31123pt too wide) in paragraph at lines 508--508
[]\OT1/cmtt/m/n/12 !!$  U              (OUT)  : TRANFORMATION BETWEEN THE EXTEN
DED BARE BASIS AND THE FLOQUET STATES, DIMENSION (D_BARE,D)[] 
 []


Overfull \hbox (401.28629pt too wide) in paragraph at lines 508--508
[]  \OT1/cmtt/m/n/12 INTEGER,                                    INTENT(IN)    
:: D,D_BARE,NM ! DIMENSION OF THE MULTIMODE FLOQUET SPACE AND THE BARE BASIS[] 

 []


Overfull \hbox (6.08609pt too wide) in paragraph at lines 508--508
[]  \OT1/cmtt/m/n/12 INTEGER,          DIMENSION(NM),            INTENT(IN)    
:: MODES_NUM[] 
 []

[10]
Overfull \hbox (321.01125pt too wide) in paragraph at lines 508--508
[]  \OT1/cmtt/m/n/12 TYPE(MODE),       DIMENSION(NM),            INTENT(IN)    
:: FIELD  ! FIELDS PROPERTIES: FREQUENCY, AMPLITUDES AND PHASES[] 
 []


Overfull \hbox (67.83612pt too wide) in paragraph at lines 508--508
[]  \OT1/cmtt/m/n/12 DOUBLE PRECISION,                           INTENT(IN)    
:: T1,T2  ! IN SECONDS[] 
 []


Overfull \hbox (444.5113pt too wide) in paragraph at lines 508--508
[]  \OT1/cmtt/m/n/12 DOUBLE PRECISION, DIMENSION(D),             INTENT(IN)    
:: E_MULTIFLOQUET ! SET OF MULTIMODE FLOQUET ENERGIES, IN Hz, TO AVOID HBAR FAC
TORS[] 
 []


Overfull \hbox (351.88626pt too wide) in paragraph at lines 508--508
[]  \OT1/cmtt/m/n/12 COMPLEX*16,       DIMENSION(D,D),           INTENT(IN)    
:: U_F_MODES   ! TRANFORMATION MATRIX BETWEEN DRESSED AND BARE BASIS[] 
 []


Overfull \hbox (203.68619pt too wide) in paragraph at lines 508--508
[]  \OT1/cmtt/m/n/12 COMPLEX*16,       DIMENSION(D_BARE,D_BARE), INTENT(OUT)   
:: U           ! EVOLUTION OPERATOR U(T2,T1)[] 
 []


Overfull \hbox (172.81117pt too wide) in paragraph at lines 568--568
[]\OT1/cmtt/m/n/12 SUBROUTINE MULTIMODEFLOQUETMATRIX_SP(ATOM__,NM,NF,MODES_NUM,
FIELDS,VALUES_,ROW_INDEX_,COLUMN_,INFO)[] 
 []


Overfull \hbox (129.58615pt too wide) in paragraph at lines 568--568
[]\OT1/cmtt/m/n/12 !MODES_NUM  (IN)    : vector indicating the number of harmon
ics of each driving field (mode)[] 
 []


Overfull \hbox (12.2611pt too wide) in paragraph at lines 568--568
[]\OT1/cmtt/m/n/12 !COLUMN_    (OUT)   : vector indicating the column position 
of the values[] 
 []

[11]
Overfull \hbox (209.86119pt too wide) in paragraph at lines 602--602
[]\OT1/cmtt/m/n/12 SUBROUTINE MULTIMODEFLOQUETTRANSFORMATION(D,NM,MODES_NUM,U_F
_MODES,E_MULTIFLOQUET,D_BARE,FIELD,T1,U,INFO)[] 
 []


Overfull \hbox (104.88614pt too wide) in paragraph at lines 602--602
[]  \OT1/cmtt/m/n/12 ! TIME-DEPENDENT TRANSFORMATION BETWEEN THE EXTENDED BARE 
BASIS AND THE FLOQUET STATES[] 
 []


Overfull \hbox (222.2112pt too wide) in paragraph at lines 602--602
[]\OT1/cmtt/m/n/12 !!$  D              (IN)   : DIMENSION OF THE EXTENDED HILBE
RT SPACE (SIZE OF THE MULTIMODE FLOQUET MATRIX)[] 
 []


Overfull \hbox (104.88614pt too wide) in paragraph at lines 602--602
[]\OT1/cmtt/m/n/12 !!$  MODES_NUM      (IN)   : VECTOR (NM) INDICATING THE NUMB
ER OF HARMONICS OF EACH MODE[] 
 []


Overfull \hbox (92.53613pt too wide) in paragraph at lines 602--602
[]\OT1/cmtt/m/n/12 !!$  T1             (IN)   : TIME. THE BARE 2 DRESSED TRANSF
ORMATINO IS TIME DEPENDENT[] 
 []


Overfull \hbox (296.31123pt too wide) in paragraph at lines 602--602
[]\OT1/cmtt/m/n/12 !!$  U              (OUT)  : TRANFORMATION BETWEEN THE EXTEN
DED BARE BASIS AND THE FLOQUET STATES, DIMENSION (D_BARE,D)[] 
 []


Overfull \hbox (401.28629pt too wide) in paragraph at lines 602--602
[]  \OT1/cmtt/m/n/12 INTEGER,                                    INTENT(IN)    
:: D,D_BARE,NM ! DIMENSION OF THE MULTIMODE FLOQUET SPACE AND THE BARE BASIS[] 

 []


Overfull \hbox (6.08609pt too wide) in paragraph at lines 602--602
[]  \OT1/cmtt/m/n/12 INTEGER,          DIMENSION(NM),            INTENT(IN)    
:: MODES_NUM[] 
 []


Overfull \hbox (321.01125pt too wide) in paragraph at lines 602--602
[]  \OT1/cmtt/m/n/12 TYPE(MODE),       DIMENSION(NM),            INTENT(IN)    
:: FIELD  ! FIELDS PROPERTIES: FREQUENCY, AMPLITUDES AND PHASES[] 
 []


Overfull \hbox (43.13611pt too wide) in paragraph at lines 602--602
[]  \OT1/cmtt/m/n/12 DOUBLE PRECISION,                           INTENT(IN)    
:: T1 ! IN SECONDS[] 
 []


Overfull \hbox (444.5113pt too wide) in paragraph at lines 602--602
[]  \OT1/cmtt/m/n/12 DOUBLE PRECISION, DIMENSION(D),             INTENT(IN)    
:: E_MULTIFLOQUET ! SET OF MULTIMODE FLOQUET ENERGIES, IN Hz, TO AVOID HBAR FAC
TORS[] 
 []


Overfull \hbox (444.5113pt too wide) in paragraph at lines 602--602
[]  \OT1/cmtt/m/n/12 COMPLEX*16,       DIMENSION(D,D),           INTENT(IN)    
:: U_F_MODES ! TRANFORMATION MATRIX BETWEEN DRESSED FLOQUET AND BARE EXTENDED B
ASIS[] 
 []


Overfull \hbox (425.9863pt too wide) in paragraph at lines 602--602
[]  \OT1/cmtt/m/n/12 COMPLEX*16,       DIMENSION(D_BARE,D),      INTENT(OUT)   
:: U ! TIME-DEPENDENT TRANSFORMATINO BETWEEN THE DRESSED AND EXTENDED BARE BASI
S[] 
 []

[12]
Overfull \hbox (166.63617pt too wide) in paragraph at lines 641--641
[]\OT1/cmtt/m/n/12 SUBROUTINE MULTIMODEMICROMOTION(ID,D,NM,MODES_NUM,U_F_MODES,
E_MULTIFLOQUET,D_BARE,FIELD,T1,U,INFO)[] 
 []


Overfull \hbox (104.88614pt too wide) in paragraph at lines 641--641
[]  \OT1/cmtt/m/n/12 ! TIME-DEPENDENT TRANSFORMATION BETWEEN THE EXTENDED BARE 
BASIS AND THE FLOQUET STATES[] 
 []


Overfull \hbox (222.2112pt too wide) in paragraph at lines 641--641
[]\OT1/cmtt/m/n/12 !!$  D              (IN)   : DIMENSION OF THE EXTENDED HILBE
RT SPACE (SIZE OF THE MULTIMODE FLOQUET MATRIX)[] 
 []


Overfull \hbox (104.88614pt too wide) in paragraph at lines 641--641
[]\OT1/cmtt/m/n/12 !!$  MODES_NUM      (IN)   : VECTOR (NM) INDICATING THE NUMB
ER OF HARMONICS OF EACH MODE[] 
 []


Overfull \hbox (92.53613pt too wide) in paragraph at lines 641--641
[]\OT1/cmtt/m/n/12 !!$  T1             (IN)   : TIME. THE BARE 2 DRESSED TRANSF
ORMATINO IS TIME DEPENDENT[] 
 []


Overfull \hbox (296.31123pt too wide) in paragraph at lines 641--641
[]\OT1/cmtt/m/n/12 !!$  U              (OUT)  : TRANFORMATION BETWEEN THE EXTEN
DED BARE BASIS AND THE FLOQUET STATES, DIMENSION (D_BARE,D)[] 
 []


Overfull \hbox (401.28629pt too wide) in paragraph at lines 641--641
[]  \OT1/cmtt/m/n/12 INTEGER,                                    INTENT(IN)    
:: D,D_BARE,NM ! DIMENSION OF THE MULTIMODE FLOQUET SPACE AND THE BARE BASIS[] 

 []


Overfull \hbox (6.08609pt too wide) in paragraph at lines 641--641
[]  \OT1/cmtt/m/n/12 INTEGER,          DIMENSION(NM),            INTENT(IN)    
:: MODES_NUM[] 
 []


Overfull \hbox (321.01125pt too wide) in paragraph at lines 641--641
[]  \OT1/cmtt/m/n/12 TYPE(MODE),       DIMENSION(NM),            INTENT(IN)    
:: FIELD  ! FIELDS PROPERTIES: FREQUENCY, AMPLITUDES AND PHASES[] 
 []


Overfull \hbox (43.13611pt too wide) in paragraph at lines 641--641
[]  \OT1/cmtt/m/n/12 DOUBLE PRECISION,                           INTENT(IN)    
:: T1 ! IN SECONDS[] 
 []


Overfull \hbox (444.5113pt too wide) in paragraph at lines 641--641
[]  \OT1/cmtt/m/n/12 DOUBLE PRECISION, DIMENSION(D),             INTENT(IN)    
:: E_MULTIFLOQUET ! SET OF MULTIMODE FLOQUET ENERGIES, IN Hz, TO AVOID HBAR FAC
TORS[] 
 []


Overfull \hbox (444.5113pt too wide) in paragraph at lines 641--641
[]  \OT1/cmtt/m/n/12 COMPLEX*16,       DIMENSION(D,D),           INTENT(IN)    
:: U_F_MODES ! TRANFORMATION MATRIX BETWEEN DRESSED FLOQUET AND BARE EXTENDED B
ASIS[] 
 []


Overfull \hbox (425.9863pt too wide) in paragraph at lines 641--641
[]  \OT1/cmtt/m/n/12 COMPLEX*16,       DIMENSION(D_BARE,D_BARE), INTENT(OUT)   
:: U ! TIME-DEPENDENT TRANSFORMATINO BETWEEN THE DRESSED AND EXTENDED BARE BASI
S[] 
 []


Overfull \hbox (216.0362pt too wide) in paragraph at lines 664--664
[]\OT1/cmtt/m/n/12 SUBROUTINE MICROMOTIONFOURIERDRESSEDBASIS(ID,DRESSINGFIELDS_
INDICES,MODES_NUM,FIELDS, U_FD,E_DRESSED,INFO)[] 
 []


Overfull \hbox (123.41115pt too wide) in paragraph at lines 664--664
[]\OT1/cmtt/m/n/12 ! DRESSINGFIELDS_INDICES (in) :: integer array indicating th
e indices of the dressing modes[] 
 []


Overfull \hbox (129.58615pt too wide) in paragraph at lines 664--664
[]\OT1/cmtt/m/n/12 ! MODES_NUM (in)    :: integer array indicating the number o
f harmonics of all driving modes[] 
 []


Overfull \hbox (246.91121pt too wide) in paragraph at lines 664--664
[]\OT1/cmtt/m/n/12 ! U_FD      (out)   :: complex*16 matrix fourier decompositi
on of the micromotion operator of the dressed basis[] 
 []

[13]
Overfull \hbox (259.26122pt too wide) in paragraph at lines 695--695
[]\OT1/cmtt/m/n/12 SUBROUTINE MICROMOTIONDRESSEDBASIS(ID,MODES_NUM,DRESSINGFIEL
DS_INDICES,FIELDS,U_F_MODES,E_MULTIFLOQUET,T1,U,INFO)[] 
 []


Overfull \hbox (111.06114pt too wide) in paragraph at lines 695--695
[]\OT1/cmtt/m/n/12 ! MODES_NUM (in) :: integer array indicating the number of h
armonics of each driving mode[] 
 []


Overfull \hbox (86.36113pt too wide) in paragraph at lines 695--695
[]\OT1/cmtt/m/n/12 ! DRESSINFIELDS_INDICES :: integer array indicating the indi
ces of the dressing modes[] 
 []


Overfull \hbox (55.48611pt too wide) in paragraph at lines 695--695
[]\OT1/cmtt/m/n/12 ! FIELDS         :: Array of TYPE(MODES) with NM components 
(all driving fields)[] 
 []


Overfull \hbox (339.53625pt too wide) in paragraph at lines 695--695
[]\OT1/cmtt/m/n/12 ! U_F_MODES      :: complex*16 matrix of dimension DxD. Four
ier decomposition of the micromotion operator of the dressed basis[] 
 []


Overfull \hbox (172.81117pt too wide) in paragraph at lines 695--695
[]\OT1/cmtt/m/n/12 ! U              :: complex*16 matrix of dimension D_BARE x 
D_BARE. micromotion operator at time T1[] 
 []


Overfull \hbox (24.6111pt too wide) in paragraph at lines 695--695
[]  \OT1/cmtt/m/n/12 INTEGER,          DIMENSION(:),   INTENT(IN)    :: DRESSIN
GFIELDS_INDICES[] 
 []


Overfull \hbox (141.93616pt too wide) in paragraph at lines 727--727
[]\OT1/cmtt/m/n/12 SUBROUTINE MULTIMODETRANSITIONAVG(D,NM,FIELD,MODES_NUM,U_F_M
ODES,E_MULTIFLOQUET,D_BARE,U,INFO)[] 
 []


Overfull \hbox (438.3363pt too wide) in paragraph at lines 727--727
[]\OT1/cmtt/m/n/12 !!$   AVERAGE TIME EVOLUTION OPERATOR OF A MULTIMODE DRESSED
 SYSTEM. THE AVERAGE EVOLUTION OPERATOR IS WRITEN IN THE BASIS USED TO EXPRESS 
THE[] 
 []


Overfull \hbox (222.2112pt too wide) in paragraph at lines 727--727
[]\OT1/cmtt/m/n/12 !!$  D              (IN)   : DIMENSION OF THE EXTENDED HILBE
RT SPACE (SIZE OF THE MULTIMODE FLOQUET MATRIX)[] 
 []


Overfull \hbox (104.88614pt too wide) in paragraph at lines 727--727
[]\OT1/cmtt/m/n/12 !!$  MODES_NUM      (IN)   : VECTOR (NM) INDICATING THE NUMB
ER OF HARMONICS OF EACH MODE[] 
 []

[14]
Overfull \hbox (6.08609pt too wide) in paragraph at lines 727--727
[]\OT1/cmtt/m/n/12 !!$  U              (OUT)  :  MATRIX OF AVERAGE TRANSITION P
ROBABILITIES[] 
 []


Overfull \hbox (401.28629pt too wide) in paragraph at lines 727--727
[]  \OT1/cmtt/m/n/12 INTEGER,                                    INTENT(IN)    
:: D,D_BARE,NM ! DIMENSION OF THE MULTIMODE FLOQUET SPACE AND THE BARE BASIS[] 

 []


Overfull \hbox (444.5113pt too wide) in paragraph at lines 727--727
[]  \OT1/cmtt/m/n/12 DOUBLE PRECISION, DIMENSION(D),             INTENT(IN)    
:: E_MULTIFLOQUET ! SET OF MULTIMODE FLOQUET ENERGIES, IN Hz, TO AVOID HBAR FAC
TORS[] 
 []


Overfull \hbox (351.88626pt too wide) in paragraph at lines 727--727
[]  \OT1/cmtt/m/n/12 COMPLEX*16,       DIMENSION(D,D),           INTENT(IN)    
:: U_F_MODES   ! TRANFORMATION MATRIX BETWEEN DRESSED AND BARE BASIS[] 
 []


Overfull \hbox (203.68619pt too wide) in paragraph at lines 727--727
[]  \OT1/cmtt/m/n/12 DOUBLE PRECISION, DIMENSION(D_BARE,D_BARE), INTENT(OUT)   
:: U           ! EVOLUTION OPERATOR U(T2,T1)[] 
 []


Overfull \hbox (216.0362pt too wide) in paragraph at lines 766--766
[]\OT1/cmtt/m/n/12 !!$ TRANSFORMATION BETWEEN THE BARE BASIS TO THE DRESSED BAS
IS DEFINDED BY THE FULL SET OF DRIVING FIELDS.[] 
 []


Overfull \hbox (80.18613pt too wide) in paragraph at lines 766--766
[]\OT1/cmtt/m/n/12 !!$ D                            : DIMENSION OF THE MULTIMOD
E EXTENDED HILBERT SPACE[] 
 []


Overfull \hbox (43.13611pt too wide) in paragraph at lines 766--766
[]\OT1/cmtt/m/n/12 !!$ NM (IN)                      : NUMBER OF MODES == NUMBER
 OF DRIVING FIELDS[] 
 []


Overfull \hbox (172.81117pt too wide) in paragraph at lines 766--766
[]\OT1/cmtt/m/n/12 !!$ MODES_NUM                    : VECTOR INDICATING THE NUM
BER OF HARMONICS OF EACH DRESSING FIELD[] 
 []


Overfull \hbox (104.88614pt too wide) in paragraph at lines 766--766
[]\OT1/cmtt/m/n/12 !!$ FIELDS (IN)                  : AMPLITUDE, FREQUENCY AND 
PHASES OF ALL DRIVING FIELDS[] 
 []


Overfull \hbox (55.48611pt too wide) in paragraph at lines 766--766
[]\OT1/cmtt/m/n/12 !!$ U_FD (OUT)                   : THIS IS THE TRANSFORMATIO
N WE ARE LOOKING FOR[] 
 []

[15]
Overfull \hbox (6.08609pt too wide) in paragraph at lines 801--801
[]\OT1/cmtt/m/n/12 SUBROUTINE DRESSEDBASIS_SP(D,ID,NM,MODES_NUM,FIELDS,U_FD,E_D
RESSED,INFO)[] 
 []


Overfull \hbox (407.46129pt too wide) in paragraph at lines 801--801
[]\OT1/cmtt/m/n/12 !!$THIS SUBROUTINES CALCULATES THE TRANSFORMATION BETWEEN TH
E BARE BASIS TO THE DRESSED BASIS DEFINDED BY THE FULL SET OF DRIVING FIELDS.[]
 
 []


Overfull \hbox (80.18613pt too wide) in paragraph at lines 801--801
[]\OT1/cmtt/m/n/12 !!$ D                            : DIMENSION OF THE MULTIMOD
E EXTENDED HILBERT SPACE[] 
 []


Overfull \hbox (43.13611pt too wide) in paragraph at lines 801--801
[]\OT1/cmtt/m/n/12 !!$ NM (IN)                      : NUMBER OF MODES == NUMBER
 OF DRIVING FIELDS[] 
 []


Overfull \hbox (172.81117pt too wide) in paragraph at lines 801--801
[]\OT1/cmtt/m/n/12 !!$ MODES_NUM                    : VECTOR INDICATING THE NUM
BER OF HARMONICS OF EACH DRESSING FIELD[] 
 []


Overfull \hbox (104.88614pt too wide) in paragraph at lines 801--801
[]\OT1/cmtt/m/n/12 !!$ FIELDS (IN)                  : AMPLITUDE, FREQUENCY AND 
PHASES OF ALL DRIVING FIELDS[] 
 []


Overfull \hbox (55.48611pt too wide) in paragraph at lines 801--801
[]\OT1/cmtt/m/n/12 !!$ U_FD (OUT)                   : THIS IS THE TRANSFORMATIO
N WE ARE LOOKING FOR[] 
 []


Overfull \hbox (24.6111pt too wide) in paragraph at lines 838--838
[]\OT1/cmtt/m/n/12 SUBROUTINE TIMEEVOLUTIONOPERATOR(ID,D_BARE,NM,MODES_NUM,FIEL
D,T1,T2,U,INFO)[] 
 []


Overfull \hbox (321.01125pt too wide) in paragraph at lines 838--838
[] \OT1/cmtt/m/n/12 ! TIME EVOLUTION OPERATOR OF A MULTIMODE DRESSED SYSTEM. TH
E EVOLUTION OPERATOR IS WRITEN IN THE BASIS USED TO EXPRESS THE[] 
 []


Overfull \hbox (36.9611pt too wide) in paragraph at lines 838--838
[]  \OT1/cmtt/m/n/12 ! U : MATRIX OF AMPLITUED OF PROBABILITIES FOR TRANSITIONS
 BETWEEN T1 TO T2[] 
 []

[16]
Overfull \hbox (104.88614pt too wide) in paragraph at lines 838--838
[]\OT1/cmtt/m/n/12 !!$  MODES_NUM      (IN)   : VECTOR (NM) INDICATING THE NUMB
ER OF HARMONICS OF EACH MODE[] 
 []


Overfull \hbox (296.31123pt too wide) in paragraph at lines 838--838
[]\OT1/cmtt/m/n/12 !!$  U              (OUT)  : TRANFORMATION BETWEEN THE EXTEN
DED BARE BASIS AND THE FLOQUET STATES, DIMENSION (D_BARE,D)[] 
 []


Overfull \hbox (18.4361pt too wide) in paragraph at lines 838--838
[]    \OT1/cmtt/m/n/12 INTEGER,          DIMENSION(NM),            INTENT(IN)  
  :: MODES_NUM[] 
 []


Overfull \hbox (333.36125pt too wide) in paragraph at lines 838--838
[]    \OT1/cmtt/m/n/12 TYPE(MODE),       DIMENSION(NM),            INTENT(IN)  
  :: FIELD  ! FIELDS PROPERTIES: FREQUENCY, AMPLITUDES AND PHASES[] 
 []


Overfull \hbox (216.0362pt too wide) in paragraph at lines 865--865
[]\OT1/cmtt/m/n/12 SUBROUTINE MICROMOTIONFOURIERDRESSEDBASIS(ID,DRESSINGFIELDS_
INDICES,MODES_NUM,FIELDS, U_FD,E_DRESSED,INFO)[] 
 []


Overfull \hbox (401.28629pt too wide) in paragraph at lines 865--865
[]\OT1/cmtt/m/n/12 ! THIS SUBROUTINE CALCULATES THE FOURIER COMPONENTS (U_FD) A
ND PHASES (E_DRESSED) OF THE MICROMOTION OPERATOR OF SUBSET OF DRIVING MODES[] 

 []


Overfull \hbox (123.41115pt too wide) in paragraph at lines 865--865
[]\OT1/cmtt/m/n/12 ! DRESSINGFIELDS_INDICES (in) :: integer array indicating th
e indices of the dressing modes[] 
 []


Overfull \hbox (129.58615pt too wide) in paragraph at lines 865--865
[]\OT1/cmtt/m/n/12 ! MODES_NUM (in)    :: integer array indicating the number o
f harmonics of all driving modes[] 
 []


Overfull \hbox (246.91121pt too wide) in paragraph at lines 865--865
[]\OT1/cmtt/m/n/12 ! U_FD      (out)   :: complex*16 matrix fourier decompositi
on of the micromotion operator of the dressed basis[] 
 []

[17]
Overfull \hbox (259.26122pt too wide) in paragraph at lines 898--898
[]\OT1/cmtt/m/n/12 SUBROUTINE MICROMOTIONDRESSEDBASIS(ID,MODES_NUM,DRESSINGFIEL
DS_INDICES,FIELDS,U_F_MODES,E_MULTIFLOQUET,T1,U,INFO)[] 
 []


Overfull \hbox (864.41151pt too wide) in paragraph at lines 898--898
[]\OT1/cmtt/m/n/12 ! THIS SUBROUTINE CALCULATES U: THE TIME-DEPENDENT MICROMOTI
ON OPERATOR OF A SUBSET OF THE DRIVING MODES. U_F_MODES AND E_MULTIFLOQUET ARE 
THE ARRAYS CALCULATED WITH THE SUBROUTINE MICROMOTIONFOURIERDRESSEDBASIS[] 
 []


Overfull \hbox (111.06114pt too wide) in paragraph at lines 898--898
[]\OT1/cmtt/m/n/12 ! MODES_NUM (in) :: integer array indicating the number of h
armonics of each driving mode[] 
 []


Overfull \hbox (86.36113pt too wide) in paragraph at lines 898--898
[]\OT1/cmtt/m/n/12 ! DRESSINFIELDS_INDICES :: integer array indicating the indi
ces of the dressing modes[] 
 []


Overfull \hbox (55.48611pt too wide) in paragraph at lines 898--898
[]\OT1/cmtt/m/n/12 ! FIELDS         :: Array of TYPE(MODES) with NM components 
(all driving fields)[] 
 []


Overfull \hbox (339.53625pt too wide) in paragraph at lines 898--898
[]\OT1/cmtt/m/n/12 ! U_F_MODES      :: complex*16 matrix of dimension DxD. Four
ier decomposition of the micromotion operator of the dressed basis[] 
 []


Overfull \hbox (172.81117pt too wide) in paragraph at lines 898--898
[]\OT1/cmtt/m/n/12 ! U              :: complex*16 matrix of dimension D_BARE x 
D_BARE. micromotion operator at time T1[] 
 []


Overfull \hbox (24.6111pt too wide) in paragraph at lines 898--898
[]  \OT1/cmtt/m/n/12 INTEGER,          DIMENSION(:),   INTENT(IN)    :: DRESSIN
GFIELDS_INDICES[] 
 []

[18]
Overfull \hbox (12.2611pt too wide) in paragraph at lines 977--977
[]  \OT1/cmtt/m/n/12 !  69 *>          On entry, the Hermitian matrix A.  If UP
LO = 'U', the[] 
 []


Overfull \hbox (18.4361pt too wide) in paragraph at lines 977--977
[]  \OT1/cmtt/m/n/12 !  70 *>          leading N-by-N upper triangular part of 
A contains the[] 
 []


Overfull \hbox (18.4361pt too wide) in paragraph at lines 977--977
[]  \OT1/cmtt/m/n/12 !  71 *>          upper triangular part of the matrix A.  
If UPLO = 'L',[] 
 []


Overfull \hbox (18.4361pt too wide) in paragraph at lines 977--977
[]  \OT1/cmtt/m/n/12 !  72 *>          the leading N-by-N lower triangular part
 of A contains[] 
 []


Overfull \hbox (30.7861pt too wide) in paragraph at lines 977--977
[]  \OT1/cmtt/m/n/12 !  74 *>          On exit, if JOBZ = 'V', then if INFO = 0
, A contains the[] 
 []


Overfull \hbox (55.48611pt too wide) in paragraph at lines 977--977
[]  \OT1/cmtt/m/n/12 !  76 *>          If JOBZ = 'N', then on exit the lower tr
iangle (if UPLO='L')[] 
 []


Overfull \hbox (24.6111pt too wide) in paragraph at lines 977--977
[]  \OT1/cmtt/m/n/12 !  77 *>          or the upper triangle (if UPLO='U') of A
, including the[] 
 []


Overfull \hbox (12.2611pt too wide) in paragraph at lines 977--977
[]  \OT1/cmtt/m/n/12 !  69 *>          On entry, the Hermitian matrix A.  If UP
LO = 'U', the[] 
 []


Overfull \hbox (18.4361pt too wide) in paragraph at lines 977--977
[]  \OT1/cmtt/m/n/12 !  70 *>          leading N-by-N upper triangular part of 
A contains the[] 
 []


Overfull \hbox (18.4361pt too wide) in paragraph at lines 977--977
[]  \OT1/cmtt/m/n/12 !  71 *>          upper triangular part of the matrix A.  
If UPLO = 'L',[] 
 []


Overfull \hbox (18.4361pt too wide) in paragraph at lines 977--977
[]  \OT1/cmtt/m/n/12 !  72 *>          the leading N-by-N lower triangular part
 of A contains[] 
 []


Overfull \hbox (30.7861pt too wide) in paragraph at lines 977--977
[]  \OT1/cmtt/m/n/12 !  74 *>          On exit, if JOBZ = 'V', then if INFO = 0
, A contains the[] 
 []

[19]
Overfull \hbox (55.48611pt too wide) in paragraph at lines 977--977
[]  \OT1/cmtt/m/n/12 !  76 *>          If JOBZ = 'N', then on exit the lower tr
iangle (if UPLO='L')[] 
 []


Overfull \hbox (24.6111pt too wide) in paragraph at lines 977--977
[]  \OT1/cmtt/m/n/12 !  77 *>          or the upper triangle (if UPLO='U') of A
, including the[] 
 []


Overfull \hbox (135.76115pt too wide) in paragraph at lines 1034--1034
[]\OT1/cmtt/m/n/12 SUBROUTINE MKLSPARSE_FULLEIGENVALUES(D,DV,VALUES,ROW_INDEX,C
OLUMN,E_L,E_R,E_FLOQUET,U_F,INFO)[] 
 []


Overfull \hbox (111.06114pt too wide) in paragraph at lines 1034--1034
[]\OT1/cmtt/m/n/12 !CALCULATES THE ENERGY SPECTRUM OF THE MATRIX REPRESENTED BY
 VALUES, ROW_INDEX AND COLUMN[] 
 []

[20]
Overfull \hbox (6.08609pt too wide) in paragraph at lines 1034--1034
[]\OT1/cmtt/m/n/12 !                 10 DISPLAY INFORMAITON ABOUT THE ARRAYS AN
D THE ARRAYS[] 
 []

[21]
Overfull \hbox (6.08609pt too wide) in paragraph at lines 1143--1143
[]\OT1/cmtt/m/n/12 SUBROUTINE VARCRCPACKING(N,DIM,UPLO,zero,A,VALUES,COLUMNS,RO
WINDEX,INFO)[] 
 []

[22] [23] (./MultimodeFloquet.aux)

LaTeX Warning: There were undefined references.

 ) 
Here is how much of TeX's memory you used:
 1943 strings out of 495029
 26780 string characters out of 6181523
 84866 words of memory out of 5000000
 5130 multiletter control sequences out of 15000+600000
 14201 words of font info for 58 fonts, out of 8000000 for 9000
 14 hyphenation exceptions out of 8191
 25i,7n,26p,627b,253s stack positions out of 5000i,500n,10000p,200000b,80000s

Output written on MultimodeFloquet.dvi (23 pages, 59356 bytes).
